<?xml version="1.0" encoding="UTF-8"?>
<!-- Generated by org.testng.reporters.JUnitXMLReporter -->
<testsuite ignored="5" hostname="DESKTOP-IOOF160" failures="0" tests="1" name="Default test" time="8.21" errors="0" timestamp="2025-09-11T18:57:30 EET">
  <testcase classname="Automation.MyTestCases" name="AddItemToThecart1" time="4.545"/>
  <testcase classname="Automation.MyTestCases" name="Signup" time="0.0">
    <ignored/>
  </testcase> <!-- Signup -->
  <testcase classname="Automation.MyTestCases" name="LogoutTest" time="0.0">
    <ignored/>
  </testcase> <!-- LogoutTest -->
  <testcase classname="Automation.MyTestCases" name="Login" time="0.0">
    <ignored/>
  </testcase> <!-- Login -->
  <testcase classname="Automation.MyTestCases" name="AddItemToThecart" time="0.0">
    <ignored/>
  </testcase> <!-- AddItemToThecart -->
  <testcase classname="Automation.MyTestCases" name="Logout" time="0.0">
    <ignored/>
  </testcase> <!-- Logout -->
</testsuite> <!-- Default test -->
