<?xml version="1.0" encoding="UTF-8"?>
<!-- Generated by org.testng.reporters.JUnitXMLReporter -->
<testsuite ignored="7" hostname="DESKTOP-IOOF160" failures="0" tests="5" name="Default test" time="27.109" errors="0" timestamp="2025-09-16T18:21:15 EET">
  <testcase classname="Automation.MyTestCases" name="trytoadditem" time="4.292"/>
  <testcase classname="Automation.MyTestCases" name="trytoadditem" time="4.216"/>
  <testcase classname="Automation.MyTestCases" name="trytoadditem" time="5.102"/>
  <testcase classname="Automation.MyTestCases" name="trytoadditem" time="6.335"/>
  <testcase classname="Automation.MyTestCases" name="trytoadditem" time="3.78"/>
  <testcase classname="Automation.MyTestCases" name="LogoutTest" time="0.0">
    <ignored/>
  </testcase> <!-- LogoutTest -->
  <testcase classname="Automation.MyTestCases" name="Logout" time="0.0">
    <ignored/>
  </testcase> <!-- Logout -->
  <testcase classname="Automation.MyTestCases" name="AddItemToThecart12" time="0.0">
    <ignored/>
  </testcase> <!-- AddItemToThecart12 -->
  <testcase classname="Automation.MyTestCases" name="AddItemToThecart" time="0.0">
    <ignored/>
  </testcase> <!-- AddItemToThecart -->
  <testcase classname="Automation.MyTestCases" name="Signup" time="0.0">
    <ignored/>
  </testcase> <!-- Signup -->
  <testcase classname="Automation.MyTestCases" name="AddItemToThecart1" time="0.0">
    <ignored/>
  </testcase> <!-- AddItemToThecart1 -->
  <testcase classname="Automation.MyTestCases" name="Login" time="0.0">
    <ignored/>
  </testcase> <!-- Login -->
</testsuite> <!-- Default test -->
