<?xml version="1.0" encoding="UTF-8"?>
<testng-results ignored="5" total="6" passed="1" failed="0" skipped="0">
  <reporter-output>
  </reporter-output>
  <suite started-at="2025-09-11T18:57:22 EET" name="Default suite" finished-at="2025-09-11T18:57:30 EET" duration-ms="8210">
    <groups>
    </groups>
    <test started-at="2025-09-11T18:57:22 EET" name="Default test" finished-at="2025-09-11T18:57:30 EET" duration-ms="8210">
      <class name="Automation.MyTestCases">
        <test-method is-config="true" signature="mySetUp()[pri:0, instance:Automation.MyTestCases@293a5f75]" started-at="2025-09-11T18:57:22 EET" name="mySetUp" finished-at="2025-09-11T18:57:26 EET" duration-ms="3605" status="PASS">
          <reporter-output>
          </reporter-output>
        </test-method> <!-- mySetUp -->
        <test-method signature="AddItemToThecart1()[pri:6, instance:Automation.MyTestCases@293a5f75]" started-at="2025-09-11T18:57:26 EET" name="AddItemToThecart1" finished-at="2025-09-11T18:57:30 EET" duration-ms="4545" status="PASS">
          <reporter-output>
          </reporter-output>
        </test-method> <!-- AddItemToThecart1 -->
        <test-method is-config="true" signature="AfterMyTest()[pri:0, instance:Automation.MyTestCases@293a5f75]" started-at="2025-09-11T18:57:30 EET" name="AfterMyTest" finished-at="2025-09-11T18:57:30 EET" duration-ms="2" status="PASS">
          <reporter-output>
          </reporter-output>
        </test-method> <!-- AfterMyTest -->
      </class> <!-- Automation.MyTestCases -->
    </test> <!-- Default test -->
  </suite> <!-- Default suite -->
</testng-results>
