<?xml version="1.0" encoding="UTF-8"?>
<testng-results ignored="7" total="12" passed="5" failed="0" skipped="0">
  <reporter-output>
  </reporter-output>
  <suite started-at="2025-09-16T18:20:48 EET" name="Default suite" finished-at="2025-09-16T18:21:15 EET" duration-ms="27109">
    <groups>
    </groups>
    <test started-at="2025-09-16T18:20:48 EET" name="Default test" finished-at="2025-09-16T18:21:15 EET" duration-ms="27109">
      <class name="Automation.MyTestCases">
        <test-method is-config="true" signature="mySetUp()[pri:0, instance:Automation.MyTestCases@40dff0b7]" started-at="2025-09-16T18:20:48 EET" name="mySetUp" finished-at="2025-09-16T18:20:51 EET" duration-ms="3325" status="PASS">
          <reporter-output>
          </reporter-output>
        </test-method> <!-- mySetUp -->
        <test-method signature="trytoadditem()[pri:8, instance:Automation.MyTestCases@40dff0b7]" started-at="2025-09-16T18:20:51 EET" name="trytoadditem" finished-at="2025-09-16T18:20:55 EET" duration-ms="4292" status="PASS">
          <reporter-output>
          </reporter-output>
        </test-method> <!-- trytoadditem -->
        <test-method signature="trytoadditem()[pri:8, instance:Automation.MyTestCases@40dff0b7]" started-at="2025-09-16T18:20:55 EET" name="trytoadditem" finished-at="2025-09-16T18:21:00 EET" duration-ms="4216" status="PASS">
          <reporter-output>
          </reporter-output>
        </test-method> <!-- trytoadditem -->
        <test-method signature="trytoadditem()[pri:8, instance:Automation.MyTestCases@40dff0b7]" started-at="2025-09-16T18:21:00 EET" name="trytoadditem" finished-at="2025-09-16T18:21:05 EET" duration-ms="5102" status="PASS">
          <reporter-output>
          </reporter-output>
        </test-method> <!-- trytoadditem -->
        <test-method signature="trytoadditem()[pri:8, instance:Automation.MyTestCases@40dff0b7]" started-at="2025-09-16T18:21:05 EET" name="trytoadditem" finished-at="2025-09-16T18:21:11 EET" duration-ms="6335" status="PASS">
          <reporter-output>
          </reporter-output>
        </test-method> <!-- trytoadditem -->
        <test-method signature="trytoadditem()[pri:8, instance:Automation.MyTestCases@40dff0b7]" started-at="2025-09-16T18:21:11 EET" name="trytoadditem" finished-at="2025-09-16T18:21:15 EET" duration-ms="3780" status="PASS">
          <reporter-output>
          </reporter-output>
        </test-method> <!-- trytoadditem -->
        <test-method is-config="true" signature="AfterMyTest()[pri:0, instance:Automation.MyTestCases@40dff0b7]" started-at="2025-09-16T18:21:15 EET" name="AfterMyTest" finished-at="2025-09-16T18:21:15 EET" duration-ms="1" status="PASS">
          <reporter-output>
          </reporter-output>
        </test-method> <!-- AfterMyTest -->
      </class> <!-- Automation.MyTestCases -->
    </test> <!-- Default test -->
  </suite> <!-- Default suite -->
</testng-results>
